<?xml version="1.0" encoding="UTF-8"?>
<!-- Generated by org.testng.reporters.JUnitXMLReporter -->
<testsuite ignored="0" hostname="EdwinMendez" failures="1" tests="1" name="Surefire test" time="0.217" errors="0" timestamp="2023-04-06T21:56:13 CST">
  <testcase classname="tpi135_2023.ingenieria.occ.ues.edu.sv.Delivery.control.AbstractDataAccessTest" name="testcrear on testcrear(tpi135_2023.ingenieria.occ.ues.edu.sv.Delivery.control.AbstractDataAccessTest)" time="0.043">
    <failure type="java.lang.RuntimeException" message="Uncompilable source code - Erroneous sym type: tpi135_2023.ingenieria.occ.ues.edu.sv.Delivery.control.AbstractDataAccess.&amp;lt;init&amp;gt;">
      <![CDATA[java.lang.RuntimeException: Uncompilable source code - Erroneous sym type: tpi135_2023.ingenieria.occ.ues.edu.sv.Delivery.control.AbstractDataAccess.<init>
at tpi135_2023.ingenieria.occ.ues.edu.sv.Delivery.control.ComercioBean.<init>(ComercioBean.java:36)
at tpi135_2023.ingenieria.occ.ues.edu.sv.Delivery.control.AbstractDataAccessTest.testcrear(AbstractDataAccessTest.java:30)
at org.junit.runners.model.FrameworkMethod$1.runReflectiveCall(FrameworkMethod.java:59)
at org.junit.internal.runners.model.ReflectiveCallable.run(ReflectiveCallable.java:12)
at org.junit.runners.model.FrameworkMethod.invokeExplosively(FrameworkMethod.java:56)
at org.junit.internal.runners.statements.InvokeMethod.evaluate(InvokeMethod.java:17)
at org.junit.runners.ParentRunner$3.evaluate(ParentRunner.java:306)
at org.junit.runners.BlockJUnit4ClassRunner$1.evaluate(BlockJUnit4ClassRunner.java:100)
at org.junit.runners.ParentRunner.runLeaf(ParentRunner.java:366)
at org.junit.runners.BlockJUnit4ClassRunner.runChild(BlockJUnit4ClassRunner.java:103)
at org.junit.runners.BlockJUnit4ClassRunner.runChild(BlockJUnit4ClassRunner.java:63)
at org.junit.runners.ParentRunner$4.run(ParentRunner.java:331)
at org.junit.runners.ParentRunner$1.schedule(ParentRunner.java:79)
at org.junit.runners.ParentRunner.runChildren(ParentRunner.java:329)
at org.junit.runners.ParentRunner.access$100(ParentRunner.java:66)
at org.junit.runners.ParentRunner$2.evaluate(ParentRunner.java:293)
at org.junit.runners.ParentRunner$3.evaluate(ParentRunner.java:306)
at org.junit.runners.ParentRunner.run(ParentRunner.java:413)
at org.junit.runner.JUnitCore.run(JUnitCore.java:137)
at org.junit.runner.JUnitCore.run(JUnitCore.java:115)
at java.base/java.util.ArrayList.forEach(ArrayList.java:1541)
... Removed 28 stack frames]]>
    </failure>
  </testcase> <!-- testcrear on testcrear(tpi135_2023.ingenieria.occ.ues.edu.sv.Delivery.control.AbstractDataAccessTest) -->
</testsuite> <!-- Surefire test -->
